<?xml version="1.0" encoding="UTF-8"?>
<testng-results ignored="0" total="2" passed="2" failed="0" skipped="0">
  <reporter-output>
  </reporter-output>
  <suite started-at="2024-01-24T13:55:58 IST" name="Suite" finished-at="2024-01-24T13:56:40 IST" duration-ms="41212">
    <groups>
    </groups>
    <test started-at="2024-01-24T13:55:58 IST" name="Test" finished-at="2024-01-24T13:56:40 IST" duration-ms="41212">
      <class name="com.LamdaTest.test.LambdaTest1">
        <test-method signature="AutomationAssignmentTask()[pri:0, instance:com.LamdaTest.test.LambdaTest1@2e6a8155]" started-at="2024-01-24T13:55:59 IST" name="AutomationAssignmentTask" finished-at="2024-01-24T13:56:40 IST" duration-ms="41156" status="PASS">
          <reporter-output>
          </reporter-output>
        </test-method> <!-- AutomationAssignmentTask -->
      </class> <!-- com.LamdaTest.test.LambdaTest1 -->
      <class name="com.LamdaTest.test.LambdaTest2">
        <test-method signature="AutomationAssignmentTask()[pri:0, instance:com.LamdaTest.test.LambdaTest2@45099dd3]" started-at="2024-01-24T13:55:59 IST" name="AutomationAssignmentTask" finished-at="2024-01-24T13:56:32 IST" duration-ms="33447" status="PASS">
          <reporter-output>
          </reporter-output>
        </test-method> <!-- AutomationAssignmentTask -->
      </class> <!-- com.LamdaTest.test.LambdaTest2 -->
    </test> <!-- Test -->
  </suite> <!-- Suite -->
</testng-results>
